###!------------------------------------------------------------------
###! JOC DE PROVES DE DEDALUS
###!------------------------------------------------------------------
###!
###!
###!------------------------------------------------------------------
###1 Inicialitzacions
###!------------------------------------------------------------------
###!
#init l3x1 laberint 3 1
#init l3x11 laberint 3 11
#init l5x5 laberint 5 5
###!
###!
###!------------------------------------------------------------------
###2 Construccio de laberints
###!------------------------------------------------------------------
###!
#l3x1 construir
EEEEEE
Error::particio<T>:40:L'element no pertany a la particio.
##dedalus::construir OK
#l3x1 comprova_perfecte
1false
##true
#l3x1 print
3 1
***
* *
***
* *
***
* *
***
##3 1
##***
##* *
##* *
##* *
##* *
##* *
##***
###!
#l3x11 construir
EEEEEE
Error::particio<T>:40:L'element no pertany a la particio.
##dedalus::construir OK
#l3x11 comprova_perfecte
11false
##true
###!
#l5x5 construir
EEEEEE
AAAAAAAAA
EEEEEE
Error::dedalus:50:El laberint ja esta excavat.
##dedalus::construir OK
#l5x5 comprova_perfecte
5false
##true
###!
#l3x1 destroy
#l3x11 destroy
#l5x5 destroy
###!
###! Fi del joc de proves de dedalus
###!
