###!------------------------------------------------------------------
###! JOC DE PROVES DE LABERINT
###!------------------------------------------------------------------
###!
###!------------------------------------------------------------------
###1 Laberint: Constructora amb dimensions
###!------------------------------------------------------------------
###!
###!------------------------------------------------------------------
###1.1 Entrada correcta
###!------------------------------------------------------------------
###!
#init lab1x1 laberint 1 1
#print
***
* *
***##1 1
##***
##* *
##***
#init lab3x3 laberint 3 3
#print
***
* *
******
* *
******
* *
******
* *
******
* *
******
* *
******
* *
******
* *
******
* *
***##3 3
##*******
##* * * *
##*******
##* * * *
##*******
##* * * *
##*******
#init lab5x2 laberint 5 2
#print
***
* *
******
* *
******
* *
******
* *
******
* *
******
* *
******
* *
******
* *
******
* *
******
* *
***##5 2
##*****
##* * *
##*****
##* * *
##*****
##* * *
##*****
##* * *
##*****
##* * *
##*****
#init lab2x5 laberint 2 5
#print
***
* *
******
* *
******
* *
******
* *
******
* *
******
* *
******
* *
******
* *
******
* *
******
* *
***##2 5
##***********
##* * * * * *
##***********
##* * * * * *
##***********
###!
###!------------------------------------------------------------------
###1.2 Entrada incorrecta
###!------------------------------------------------------------------
###!
#init laberr laberint 0 14
Error::laberint:30:El num de fils o cols es incorrecte.
##Error::laberint:30:El num de fils o cols es incorrecte.
#init laberr laberint 12 0
Error::laberint:30:El num de fils o cols es incorrecte.
##Error::laberint:30:El num de fils o cols es incorrecte.
#init laberr laberint 0 0
Error::laberint:30:El num de fils o cols es incorrecte.
##Error::laberint:30:El num de fils o cols es incorrecte.
###!
###!------------------------------------------------------------------
###1.3 Entrada gran
###!------------------------------------------------------------------
###!
#init lab_gran laberint 100 100
#num_files
100
##100
#num_columnes
100
##100
#lab1x1 destroy
#lab3x3 destroy
#lab5x2 destroy
#lab2x5 destroy
#lab_gran destroy 
###!
###!
###!------------------------------------------------------------------
###2 Laberint: Constructora amb fitxers
###!------------------------------------------------------------------
###!
###!------------------------------------------------------------------
###2.1 Laberint sense cicles
###!------------------------------------------------------------------
###!
#init lab_unic laberint ./laberint_3x3.txt
#print
##3 3
##*******
##*   * *
##*** * *
##* * * *
##* * ***
##* *   *
##*******
###!
###!------------------------------------------------------------------
###2.2 Laberint amb cicles
###!------------------------------------------------------------------
###!
#init lab_cicle laberint ./laberint_3x3_cicles.txt
#print
##3 3
##*******
##*     *
##*** * *
##*   * *
##* * * *
##* *   *
##*******
###!
###!------------------------------------------------------------------
###2.3 Laberint sense portes
###!------------------------------------------------------------------
###!
#init lab_sense_portes laberint ./laberint_3x3_senseportes.txt
#print
##3 3
##*******
##* * * *
##*******
##* * * *
##*******
##* * * *
##*******
###!
###!------------------------------------------------------------------
###2.4 Laberint gran
###!------------------------------------------------------------------
###!
#init lab_gran laberint ./laberint_100x100.txt
#num_files
0
##100
#num_columnes
0
##100
###!
###!
###!------------------------------------------------------------------
###3 Laberint: Constructora per copia, assignacio i destructora
###!------------------------------------------------------------------
###!
###!------------------------------------------------------------------
###3.1 Constructora per copia
###!------------------------------------------------------------------
###!
#initcopy copia = lab_unic
#copia print
##3 3
##*******
##*   * *
##*** * *
##* * * *
##* * ***
##* *   *
##*******
#copia destroy
