###!------------------------------------------------------------------
###! JOC DE PROVES DE TESEUS
###!---------------------------------------------------------------------
###!
###!
###!---------------------------------------------------------------------
###1 Laberints sense portes
###!---------------------------------------------------------------------
###!
#init lab1x1 laberint 1 1
#buscar 0 1 1 1
Error::teseus:61:La cambra inicial o final no es valida.
##Error::teseus:61:La cambra inicial o final no es valida.
#buscar 1 1 1 1
[(1,1)]
[(1,1)]
##[(1,1)]
###!
#init lab2x5 laberint 2 5
#buscar 1 2 1 1
